<?xml version="1.0" encoding="UTF-8"?>
<!-- Generated by org.testng.reporters.JUnitReportReporter -->
<testsuite hostname="Qaseems-MacBook-Pro.local" failures="0" tests="1" name="FugetronTest.FugetronTest.JDBCTest" time="0.181" errors="0" timestamp="2021-09-07T21:54:20 IST" skipped="0">
  <testcase classname="FugetronTest.FugetronTest.JDBCTest" name="testConnection" time="0.181"/>
  <system-out/>
</testsuite> <!-- FugetronTest.FugetronTest.JDBCTest -->
