<?xml version="1.0" encoding="UTF-8"?>
<!-- Generated by org.testng.reporters.JUnitReportReporter -->
<testsuite hostname="Qaseems-MacBook-Pro.local" failures="0" tests="2" name="FugetronTest.FugetronTest.RestAssuredTest" time="1.648" errors="0" timestamp="2021-09-07T21:54:20 IST" skipped="0">
  <testcase classname="FugetronTest.FugetronTest.RestAssuredTest" name="postRequest" time="0.383"/>
  <system-out/>
  <testcase classname="FugetronTest.FugetronTest.RestAssuredTest" name="getRequest" time="1.265"/>
  <system-out/>
</testsuite> <!-- FugetronTest.FugetronTest.RestAssuredTest -->
